Removed Pin From Net: NetName=+12 Pin=CN4-1
Removed Pin From Net: NetName=GND Pin=CN4-2
Removed Pin From Net: NetName=GPIO18 Pin=CN4-3
Removed Pin From Net: NetName=GPIO19 Pin=CN4-4
Removed Pin From Net: NetName=GPIO21 Pin=CN4-5
Removed Pin From Net: NetName=GPIO23 Pin=CN4-6
Removed Pin From Net: NetName=GPIO5 Pin=CN4-7
Removed Pin From Net: NetName=GPIO22 Pin=CN4-8
Change Component Footprint: Designator=CN4 Old Footprint=PCBComponent_1 - duplicate New Footprint=SAMTEC_SSW-108-XX-X-S
Change component parameters: Designator = "CN4" ("CN4"); Footprint = "PCBComponent_1 - duplicate"; UniqueID = "\SUVOTKWF" ("\SUVOTKWF")
Change component parameters (AddParameter): Name = "Availability"; Value = "Bad"; VariantName = "[No Variations]"
Change component parameters (AddParameter): Name = "Check_prices"; Value = "https://www.snapeda.com/parts/SSW-108-03-F-S/Samtec/view-part/3433832/?ref=eda"; VariantName = "[No Variations]"
Change component parameters (AddParameter): Name = "MF"; Value = "Samtec"; VariantName = "[No Variations]"
Change component parameters (AddParameter): Name = "MP"; Value = "SSW-108-03-F-S"; VariantName = "[No Variations]"
Change component parameters (AddParameter): Name = "Package"; Value = "None"; VariantName = "[No Variations]"
Change component parameters (AddParameter): Name = "Price"; Value = "None"; VariantName = "[No Variations]"
Change component parameters (AddParameter): Name = "Purchase-URL"; Value = "https://pricing.snapeda.com/search/part/SSW-108-03-F-S/?ref=eda"; VariantName = "[No Variations]"
Change component parameters (AddParameter): Name = "SnapEDA_Link"; Value = "https://www.snapeda.com/parts/SSW-108-03-F-S/Samtec/view-part/3433832/?ref=snap"; VariantName = "[No Variations]"
Change component parameters (AddParameter): Name = "Value"; Value = ""; VariantName = "[No Variations]"
Added Pin To Net: NetName=+12 Pin=CN4-01
Added Pin To Net: NetName=GND Pin=CN4-02
Added Pin To Net: NetName=GPIO18 Pin=CN4-03
Added Pin To Net: NetName=GPIO19 Pin=CN4-04
Added Pin To Net: NetName=GPIO21 Pin=CN4-05
Added Pin To Net: NetName=GPIO23 Pin=CN4-06
Added Pin To Net: NetName=GPIO5 Pin=CN4-07
Added Pin To Net: NetName=GPIO22 Pin=CN4-08
